<?xml version="1.0" encoding="UTF-8"?>
<testsuite xmlns:xsi="http://www.w3.org/2001/XMLSchema-instance" xsi:noNamespaceSchemaLocation="https://maven.apache.org/surefire/maven-surefire-plugin/xsd/surefire-test-report.xsd" version="3.0.2" name="br.project.test.business.CourseBusinessStubTest" time="0.011" tests="2" errors="0" skipped="0" failures="0">
  <properties>
[...]
</properties>
  <testcase name="testRetrieveCourses_WhenFieldsOk_ThenReturnSuccess" classname="br.project.test.business.CourseBusinessStubTest" time="0.003"/>
  <testcase name="testRetrieveCourses_WhenFieldsIsInvalid_ThenReturnEmptyList" classname="br.project.test.business.CourseBusinessStubTest" time="0.003"/>
</testsuite>